2022-06-18 21:16:25.668  INFO 3676 --- [main] lavalink.server.Launcher                 : Starting Launcher on Aksh with PID 3676 (C:\Users\nogam.AKSH\Downloads\A-Advance-Discord-Music-Bot-Like-Hydra--main\Lavalink.jar started by nogam in C:\Users\nogam.AKSH\Downloads\A-Advance-Discord-Music-Bot-Like-Hydra--main)
2022-06-18 21:16:25.697  INFO 3676 --- [main] lavalink.server.Launcher                 : No active profile set, falling back to default profiles: default
2022-06-18 21:16:26.107  WARN 3676 --- [background-preinit] o.s.h.c.j.Jackson2ObjectMapperBuilder    : For Jackson Kotlin classes support please add "com.fasterxml.jackson.module:jackson-module-kotlin" to the classpath
2022-06-18 21:16:28.691  INFO 3676 --- [main] lavalink.server.Launcher                 : Started Launcher in 4.57 seconds (JVM running for 6.901)
2022-06-18 21:16:28.708  INFO 3676 --- [main] lavalink.server.Launcher                 : You can safely ignore the big red warning about illegal reflection. See https://github.com/freyacodes/Lavalink/issues/295
2022-06-18 21:16:28.878 ERROR 3676 --- [main] lavalink.server.Launcher                 : Application failed

java.lang.UnsupportedClassVersionError: lavalink/server/info/AppInfo has been compiled by a more recent version of the Java Runtime (class file version 55.0), this version of the Java Runtime only recognizes class file versions up to 52.0
	at java.lang.ClassLoader.defineClass1(Native Method) ~[na:1.8.0_333]
	at java.lang.ClassLoader.defineClass(Unknown Source) ~[na:1.8.0_333]
	at java.security.SecureClassLoader.defineClass(Unknown Source) ~[na:1.8.0_333]
	at java.net.URLClassLoader.defineClass(Unknown Source) ~[na:1.8.0_333]
	at java.net.URLClassLoader.access$100(Unknown Source) ~[na:1.8.0_333]
	at java.net.URLClassLoader$1.run(Unknown Source) ~[na:1.8.0_333]
	at java.net.URLClassLoader$1.run(Unknown Source) ~[na:1.8.0_333]
	at java.security.AccessController.doPrivileged(Native Method) ~[na:1.8.0_333]
	at java.net.URLClassLoader.findClass(Unknown Source) ~[na:1.8.0_333]
	at java.lang.ClassLoader.loadClass(Unknown Source) ~[na:1.8.0_333]
	at org.springframework.boot.loader.LaunchedURLClassLoader.loadClass(LaunchedURLClassLoader.java:93) ~[Lavalink.jar:na]
	at java.lang.ClassLoader.loadClass(Unknown Source) ~[na:1.8.0_333]
	at lavalink.server.Launcher.getVersionInfo(Launcher.kt:62) [classes!/:na]
	at lavalink.server.Launcher.getVersionInfo$default(Launcher.kt:61) [classes!/:na]
	at lavalink.server.Launcher$launchMain$3.onApplicationEvent(Launcher.kt:150) ~[classes!/:na]
	at lavalink.server.Launcher$launchMain$3.onApplicationEvent(Launcher.kt:55) ~[classes!/:na]
	at org.springframework.context.event.SimpleApplicationEventMulticaster.doInvokeListener(SimpleApplicationEventMulticaster.java:172) ~[spring-context-5.1.9.RELEASE.jar!/:5.1.9.RELEASE]
	at org.springframework.context.event.SimpleApplicationEventMulticaster.invokeListener(SimpleApplicationEventMulticaster.java:165) ~[spring-context-5.1.9.RELEASE.jar!/:5.1.9.RELEASE]
	at org.springframework.context.event.SimpleApplicationEventMulticaster.multicastEvent(SimpleApplicationEventMulticaster.java:139) ~[spring-context-5.1.9.RELEASE.jar!/:5.1.9.RELEASE]
	at org.springframework.context.event.SimpleApplicationEventMulticaster.multicastEvent(SimpleApplicationEventMulticaster.java:127) ~[spring-context-5.1.9.RELEASE.jar!/:5.1.9.RELEASE]
	at org.springframework.boot.context.event.EventPublishingRunListener.environmentPrepared(EventPublishingRunListener.java:76) ~[spring-boot-2.1.8.RELEASE.jar!/:2.1.8.RELEASE]
	at org.springframework.boot.SpringApplicationRunListeners.environmentPrepared(SpringApplicationRunListeners.java:53) ~[spring-boot-2.1.8.RELEASE.jar!/:2.1.8.RELEASE]
	at org.springframework.boot.SpringApplication.prepareEnvironment(SpringApplication.java:342) ~[spring-boot-2.1.8.RELEASE.jar!/:2.1.8.RELEASE]
	at org.springframework.boot.SpringApplication.run(SpringApplication.java:305) ~[spring-boot-2.1.8.RELEASE.jar!/:2.1.8.RELEASE]
	at org.springframework.boot.builder.SpringApplicationBuilder.run(SpringApplicationBuilder.java:140) [spring-boot-2.1.8.RELEASE.jar!/:2.1.8.RELEASE]
	at lavalink.server.Launcher.launchMain(Launcher.kt:159) [classes!/:na]
	at lavalink.server.Launcher.main(Launcher.kt:126) [classes!/:na]
	at sun.reflect.NativeMethodAccessorImpl.invoke0(Native Method) ~[na:1.8.0_333]
	at sun.reflect.NativeMethodAccessorImpl.invoke(Unknown Source) ~[na:1.8.0_333]
	at sun.reflect.DelegatingMethodAccessorImpl.invoke(Unknown Source) ~[na:1.8.0_333]
	at java.lang.reflect.Method.invoke(Unknown Source) ~[na:1.8.0_333]
	at org.springframework.boot.loader.MainMethodRunner.run(MainMethodRunner.java:48) [Lavalink.jar:na]
	at org.springframework.boot.loader.Launcher.launch(Launcher.java:87) [Lavalink.jar:na]
	at org.springframework.boot.loader.Launcher.launch(Launcher.java:51) [Lavalink.jar:na]
	at org.springframework.boot.loader.JarLauncher.main(JarLauncher.java:52) [Lavalink.jar:na]

2022-06-18 21:16:28.880 ERROR 3676 --- [main] o.s.boot.SpringApplication               : Application run failed

java.lang.UnsupportedClassVersionError: lavalink/server/info/AppInfo has been compiled by a more recent version of the Java Runtime (class file version 55.0), this version of the Java Runtime only recognizes class file versions up to 52.0
	at java.lang.ClassLoader.defineClass1(Native Method) ~[na:1.8.0_333]
	at java.lang.ClassLoader.defineClass(Unknown Source) ~[na:1.8.0_333]
	at java.security.SecureClassLoader.defineClass(Unknown Source) ~[na:1.8.0_333]
	at java.net.URLClassLoader.defineClass(Unknown Source) ~[na:1.8.0_333]
	at java.net.URLClassLoader.access$100(Unknown Source) ~[na:1.8.0_333]
	at java.net.URLClassLoader$1.run(Unknown Source) ~[na:1.8.0_333]
	at java.net.URLClassLoader$1.run(Unknown Source) ~[na:1.8.0_333]
	at java.security.AccessController.doPrivileged(Native Method) ~[na:1.8.0_333]
	at java.net.URLClassLoader.findClass(Unknown Source) ~[na:1.8.0_333]
	at java.lang.ClassLoader.loadClass(Unknown Source) ~[na:1.8.0_333]
	at org.springframework.boot.loader.LaunchedURLClassLoader.loadClass(LaunchedURLClassLoader.java:93) ~[Lavalink.jar:na]
	at java.lang.ClassLoader.loadClass(Unknown Source) ~[na:1.8.0_333]
	at lavalink.server.Launcher.getVersionInfo(Launcher.kt:62) [classes!/:na]
	at lavalink.server.Launcher.getVersionInfo$default(Launcher.kt:61) [classes!/:na]
	at lavalink.server.Launcher$launchMain$3.onApplicationEvent(Launcher.kt:150) ~[classes!/:na]
	at lavalink.server.Launcher$launchMain$3.onApplicationEvent(Launcher.kt:55) ~[classes!/:na]
	at org.springframework.context.event.SimpleApplicationEventMulticaster.doInvokeListener(SimpleApplicationEventMulticaster.java:172) ~[spring-context-5.1.9.RELEASE.jar!/:5.1.9.RELEASE]
	at org.springframework.context.event.SimpleApplicationEventMulticaster.invokeListener(SimpleApplicationEventMulticaster.java:165) ~[spring-context-5.1.9.RELEASE.jar!/:5.1.9.RELEASE]
	at org.springframework.context.event.SimpleApplicationEventMulticaster.multicastEvent(SimpleApplicationEventMulticaster.java:139) ~[spring-context-5.1.9.RELEASE.jar!/:5.1.9.RELEASE]
	at org.springframework.context.event.SimpleApplicationEventMulticaster.multicastEvent(SimpleApplicationEventMulticaster.java:127) ~[spring-context-5.1.9.RELEASE.jar!/:5.1.9.RELEASE]
	at org.springframework.boot.context.event.EventPublishingRunListener.environmentPrepared(EventPublishingRunListener.java:76) ~[spring-boot-2.1.8.RELEASE.jar!/:2.1.8.RELEASE]
	at org.springframework.boot.SpringApplicationRunListeners.environmentPrepared(SpringApplicationRunListeners.java:53) ~[spring-boot-2.1.8.RELEASE.jar!/:2.1.8.RELEASE]
	at org.springframework.boot.SpringApplication.prepareEnvironment(SpringApplication.java:342) ~[spring-boot-2.1.8.RELEASE.jar!/:2.1.8.RELEASE]
	at org.springframework.boot.SpringApplication.run(SpringApplication.java:305) ~[spring-boot-2.1.8.RELEASE.jar!/:2.1.8.RELEASE]
	at org.springframework.boot.builder.SpringApplicationBuilder.run(SpringApplicationBuilder.java:140) [spring-boot-2.1.8.RELEASE.jar!/:2.1.8.RELEASE]
	at lavalink.server.Launcher.launchMain(Launcher.kt:159) [classes!/:na]
	at lavalink.server.Launcher.main(Launcher.kt:126) [classes!/:na]
	at sun.reflect.NativeMethodAccessorImpl.invoke0(Native Method) ~[na:1.8.0_333]
	at sun.reflect.NativeMethodAccessorImpl.invoke(Unknown Source) ~[na:1.8.0_333]
	at sun.reflect.DelegatingMethodAccessorImpl.invoke(Unknown Source) ~[na:1.8.0_333]
	at java.lang.reflect.Method.invoke(Unknown Source) ~[na:1.8.0_333]
	at org.springframework.boot.loader.MainMethodRunner.run(MainMethodRunner.java:48) [Lavalink.jar:na]
	at org.springframework.boot.loader.Launcher.launch(Launcher.java:87) [Lavalink.jar:na]
	at org.springframework.boot.loader.Launcher.launch(Launcher.java:51) [Lavalink.jar:na]
	at org.springframework.boot.loader.JarLauncher.main(JarLauncher.java:52) [Lavalink.jar:na]

2022-06-18 21:20:06.530  INFO 2548 --- [main] lavalink.server.Launcher                 : Starting Launcher on Aksh with PID 2548 (C:\Users\nogam.AKSH\Downloads\A-Advance-Discord-Music-Bot-Like-Hydra--main\Lavalink.jar started by nogam in C:\Users\nogam.AKSH\Downloads\A-Advance-Discord-Music-Bot-Like-Hydra--main)
2022-06-18 21:20:06.540  INFO 2548 --- [main] lavalink.server.Launcher                 : No active profile set, falling back to default profiles: default
2022-06-18 21:20:06.978  WARN 2548 --- [background-preinit] o.s.h.c.j.Jackson2ObjectMapperBuilder    : For Jackson Kotlin classes support please add "com.fasterxml.jackson.module:jackson-module-kotlin" to the classpath
2022-06-18 21:20:09.336  INFO 2548 --- [main] lavalink.server.Launcher                 : Started Launcher in 4.256 seconds (JVM running for 5.795)
2022-06-18 21:20:09.339  INFO 2548 --- [main] lavalink.server.Launcher                 : You can safely ignore the big red warning about illegal reflection. See https://github.com/freyacodes/Lavalink/issues/295
2022-06-18 21:20:09.436 ERROR 2548 --- [main] lavalink.server.Launcher                 : Application failed

java.lang.UnsupportedClassVersionError: lavalink/server/info/AppInfo has been compiled by a more recent version of the Java Runtime (class file version 55.0), this version of the Java Runtime only recognizes class file versions up to 52.0
	at java.lang.ClassLoader.defineClass1(Native Method) ~[na:1.8.0_333]
	at java.lang.ClassLoader.defineClass(Unknown Source) ~[na:1.8.0_333]
	at java.security.SecureClassLoader.defineClass(Unknown Source) ~[na:1.8.0_333]
	at java.net.URLClassLoader.defineClass(Unknown Source) ~[na:1.8.0_333]
	at java.net.URLClassLoader.access$100(Unknown Source) ~[na:1.8.0_333]
	at java.net.URLClassLoader$1.run(Unknown Source) ~[na:1.8.0_333]
	at java.net.URLClassLoader$1.run(Unknown Source) ~[na:1.8.0_333]
	at java.security.AccessController.doPrivileged(Native Method) ~[na:1.8.0_333]
	at java.net.URLClassLoader.findClass(Unknown Source) ~[na:1.8.0_333]
	at java.lang.ClassLoader.loadClass(Unknown Source) ~[na:1.8.0_333]
	at org.springframework.boot.loader.LaunchedURLClassLoader.loadClass(LaunchedURLClassLoader.java:93) ~[Lavalink.jar:na]
	at java.lang.ClassLoader.loadClass(Unknown Source) ~[na:1.8.0_333]
	at lavalink.server.Launcher.getVersionInfo(Launcher.kt:62) [classes!/:na]
	at lavalink.server.Launcher.getVersionInfo$default(Launcher.kt:61) [classes!/:na]
	at lavalink.server.Launcher$launchMain$3.onApplicationEvent(Launcher.kt:150) ~[classes!/:na]
	at lavalink.server.Launcher$launchMain$3.onApplicationEvent(Launcher.kt:55) ~[classes!/:na]
	at org.springframework.context.event.SimpleApplicationEventMulticaster.doInvokeListener(SimpleApplicationEventMulticaster.java:172) ~[spring-context-5.1.9.RELEASE.jar!/:5.1.9.RELEASE]
	at org.springframework.context.event.SimpleApplicationEventMulticaster.invokeListener(SimpleApplicationEventMulticaster.java:165) ~[spring-context-5.1.9.RELEASE.jar!/:5.1.9.RELEASE]
	at org.springframework.context.event.SimpleApplicationEventMulticaster.multicastEvent(SimpleApplicationEventMulticaster.java:139) ~[spring-context-5.1.9.RELEASE.jar!/:5.1.9.RELEASE]
	at org.springframework.context.event.SimpleApplicationEventMulticaster.multicastEvent(SimpleApplicationEventMulticaster.java:127) ~[spring-context-5.1.9.RELEASE.jar!/:5.1.9.RELEASE]
	at org.springframework.boot.context.event.EventPublishingRunListener.environmentPrepared(EventPublishingRunListener.java:76) ~[spring-boot-2.1.8.RELEASE.jar!/:2.1.8.RELEASE]
	at org.springframework.boot.SpringApplicationRunListeners.environmentPrepared(SpringApplicationRunListeners.java:53) ~[spring-boot-2.1.8.RELEASE.jar!/:2.1.8.RELEASE]
	at org.springframework.boot.SpringApplication.prepareEnvironment(SpringApplication.java:342) ~[spring-boot-2.1.8.RELEASE.jar!/:2.1.8.RELEASE]
	at org.springframework.boot.SpringApplication.run(SpringApplication.java:305) ~[spring-boot-2.1.8.RELEASE.jar!/:2.1.8.RELEASE]
	at org.springframework.boot.builder.SpringApplicationBuilder.run(SpringApplicationBuilder.java:140) [spring-boot-2.1.8.RELEASE.jar!/:2.1.8.RELEASE]
	at lavalink.server.Launcher.launchMain(Launcher.kt:159) [classes!/:na]
	at lavalink.server.Launcher.main(Launcher.kt:126) [classes!/:na]
	at sun.reflect.NativeMethodAccessorImpl.invoke0(Native Method) ~[na:1.8.0_333]
	at sun.reflect.NativeMethodAccessorImpl.invoke(Unknown Source) ~[na:1.8.0_333]
	at sun.reflect.DelegatingMethodAccessorImpl.invoke(Unknown Source) ~[na:1.8.0_333]
	at java.lang.reflect.Method.invoke(Unknown Source) ~[na:1.8.0_333]
	at org.springframework.boot.loader.MainMethodRunner.run(MainMethodRunner.java:48) [Lavalink.jar:na]
	at org.springframework.boot.loader.Launcher.launch(Launcher.java:87) [Lavalink.jar:na]
	at org.springframework.boot.loader.Launcher.launch(Launcher.java:51) [Lavalink.jar:na]
	at org.springframework.boot.loader.JarLauncher.main(JarLauncher.java:52) [Lavalink.jar:na]

2022-06-18 21:20:09.438 ERROR 2548 --- [main] o.s.boot.SpringApplication               : Application run failed

java.lang.UnsupportedClassVersionError: lavalink/server/info/AppInfo has been compiled by a more recent version of the Java Runtime (class file version 55.0), this version of the Java Runtime only recognizes class file versions up to 52.0
	at java.lang.ClassLoader.defineClass1(Native Method) ~[na:1.8.0_333]
	at java.lang.ClassLoader.defineClass(Unknown Source) ~[na:1.8.0_333]
	at java.security.SecureClassLoader.defineClass(Unknown Source) ~[na:1.8.0_333]
	at java.net.URLClassLoader.defineClass(Unknown Source) ~[na:1.8.0_333]
	at java.net.URLClassLoader.access$100(Unknown Source) ~[na:1.8.0_333]
	at java.net.URLClassLoader$1.run(Unknown Source) ~[na:1.8.0_333]
	at java.net.URLClassLoader$1.run(Unknown Source) ~[na:1.8.0_333]
	at java.security.AccessController.doPrivileged(Native Method) ~[na:1.8.0_333]
	at java.net.URLClassLoader.findClass(Unknown Source) ~[na:1.8.0_333]
	at java.lang.ClassLoader.loadClass(Unknown Source) ~[na:1.8.0_333]
	at org.springframework.boot.loader.LaunchedURLClassLoader.loadClass(LaunchedURLClassLoader.java:93) ~[Lavalink.jar:na]
	at java.lang.ClassLoader.loadClass(Unknown Source) ~[na:1.8.0_333]
	at lavalink.server.Launcher.getVersionInfo(Launcher.kt:62) [classes!/:na]
	at lavalink.server.Launcher.getVersionInfo$default(Launcher.kt:61) [classes!/:na]
	at lavalink.server.Launcher$launchMain$3.onApplicationEvent(Launcher.kt:150) ~[classes!/:na]
	at lavalink.server.Launcher$launchMain$3.onApplicationEvent(Launcher.kt:55) ~[classes!/:na]
	at org.springframework.context.event.SimpleApplicationEventMulticaster.doInvokeListener(SimpleApplicationEventMulticaster.java:172) ~[spring-context-5.1.9.RELEASE.jar!/:5.1.9.RELEASE]
	at org.springframework.context.event.SimpleApplicationEventMulticaster.invokeListener(SimpleApplicationEventMulticaster.java:165) ~[spring-context-5.1.9.RELEASE.jar!/:5.1.9.RELEASE]
	at org.springframework.context.event.SimpleApplicationEventMulticaster.multicastEvent(SimpleApplicationEventMulticaster.java:139) ~[spring-context-5.1.9.RELEASE.jar!/:5.1.9.RELEASE]
	at org.springframework.context.event.SimpleApplicationEventMulticaster.multicastEvent(SimpleApplicationEventMulticaster.java:127) ~[spring-context-5.1.9.RELEASE.jar!/:5.1.9.RELEASE]
	at org.springframework.boot.context.event.EventPublishingRunListener.environmentPrepared(EventPublishingRunListener.java:76) ~[spring-boot-2.1.8.RELEASE.jar!/:2.1.8.RELEASE]
	at org.springframework.boot.SpringApplicationRunListeners.environmentPrepared(SpringApplicationRunListeners.java:53) ~[spring-boot-2.1.8.RELEASE.jar!/:2.1.8.RELEASE]
	at org.springframework.boot.SpringApplication.prepareEnvironment(SpringApplication.java:342) ~[spring-boot-2.1.8.RELEASE.jar!/:2.1.8.RELEASE]
	at org.springframework.boot.SpringApplication.run(SpringApplication.java:305) ~[spring-boot-2.1.8.RELEASE.jar!/:2.1.8.RELEASE]
	at org.springframework.boot.builder.SpringApplicationBuilder.run(SpringApplicationBuilder.java:140) [spring-boot-2.1.8.RELEASE.jar!/:2.1.8.RELEASE]
	at lavalink.server.Launcher.launchMain(Launcher.kt:159) [classes!/:na]
	at lavalink.server.Launcher.main(Launcher.kt:126) [classes!/:na]
	at sun.reflect.NativeMethodAccessorImpl.invoke0(Native Method) ~[na:1.8.0_333]
	at sun.reflect.NativeMethodAccessorImpl.invoke(Unknown Source) ~[na:1.8.0_333]
	at sun.reflect.DelegatingMethodAccessorImpl.invoke(Unknown Source) ~[na:1.8.0_333]
	at java.lang.reflect.Method.invoke(Unknown Source) ~[na:1.8.0_333]
	at org.springframework.boot.loader.MainMethodRunner.run(MainMethodRunner.java:48) [Lavalink.jar:na]
	at org.springframework.boot.loader.Launcher.launch(Launcher.java:87) [Lavalink.jar:na]
	at org.springframework.boot.loader.Launcher.launch(Launcher.java:51) [Lavalink.jar:na]
	at org.springframework.boot.loader.JarLauncher.main(JarLauncher.java:52) [Lavalink.jar:na]

2022-06-18 21:20:35.223  INFO 8368 --- [main] lavalink.server.Launcher                 : Starting Launcher on Aksh with PID 8368 (C:\Users\nogam.AKSH\Downloads\A-Advance-Discord-Music-Bot-Like-Hydra--main\Lavalink.jar started by nogam in C:\Users\nogam.AKSH\Downloads\A-Advance-Discord-Music-Bot-Like-Hydra--main)
2022-06-18 21:20:35.229  INFO 8368 --- [main] lavalink.server.Launcher                 : No active profile set, falling back to default profiles: default
2022-06-18 21:23:40.480  INFO 7600 --- [main] lavalink.server.Launcher                 : Starting Launcher on Aksh with PID 7600 (C:\Users\nogam.AKSH\Downloads\A-Advance-Discord-Music-Bot-Like-Hydra--main\Lavalink.jar started by nogam in C:\Users\nogam.AKSH\Downloads\A-Advance-Discord-Music-Bot-Like-Hydra--main)
2022-06-18 21:23:40.488  INFO 7600 --- [main] lavalink.server.Launcher                 : No active profile set, falling back to default profiles: default
2022-06-18 21:23:41.004  WARN 7600 --- [background-preinit] o.s.h.c.j.Jackson2ObjectMapperBuilder    : For Jackson Kotlin classes support please add "com.fasterxml.jackson.module:jackson-module-kotlin" to the classpath
2022-06-18 21:23:43.305  INFO 7600 --- [main] lavalink.server.Launcher                 : Started Launcher in 3.886 seconds (JVM running for 4.613)
2022-06-18 21:23:43.315  INFO 7600 --- [main] lavalink.server.Launcher                 : You can safely ignore the big red warning about illegal reflection. See https://github.com/freyacodes/Lavalink/issues/295
2022-06-18 21:23:43.456 ERROR 7600 --- [main] lavalink.server.Launcher                 : Application failed

java.lang.UnsupportedClassVersionError: lavalink/server/info/AppInfo has been compiled by a more recent version of the Java Runtime (class file version 55.0), this version of the Java Runtime only recognizes class file versions up to 52.0
	at java.lang.ClassLoader.defineClass1(Native Method) ~[na:1.8.0_333]
	at java.lang.ClassLoader.defineClass(Unknown Source) ~[na:1.8.0_333]
	at java.security.SecureClassLoader.defineClass(Unknown Source) ~[na:1.8.0_333]
	at java.net.URLClassLoader.defineClass(Unknown Source) ~[na:1.8.0_333]
	at java.net.URLClassLoader.access$100(Unknown Source) ~[na:1.8.0_333]
	at java.net.URLClassLoader$1.run(Unknown Source) ~[na:1.8.0_333]
	at java.net.URLClassLoader$1.run(Unknown Source) ~[na:1.8.0_333]
	at java.security.AccessController.doPrivileged(Native Method) ~[na:1.8.0_333]
	at java.net.URLClassLoader.findClass(Unknown Source) ~[na:1.8.0_333]
	at java.lang.ClassLoader.loadClass(Unknown Source) ~[na:1.8.0_333]
	at org.springframework.boot.loader.LaunchedURLClassLoader.loadClass(LaunchedURLClassLoader.java:93) ~[Lavalink.jar:na]
	at java.lang.ClassLoader.loadClass(Unknown Source) ~[na:1.8.0_333]
	at lavalink.server.Launcher.getVersionInfo(Launcher.kt:62) [classes!/:na]
	at lavalink.server.Launcher.getVersionInfo$default(Launcher.kt:61) [classes!/:na]
	at lavalink.server.Launcher$launchMain$3.onApplicationEvent(Launcher.kt:150) ~[classes!/:na]
	at lavalink.server.Launcher$launchMain$3.onApplicationEvent(Launcher.kt:55) ~[classes!/:na]
	at org.springframework.context.event.SimpleApplicationEventMulticaster.doInvokeListener(SimpleApplicationEventMulticaster.java:172) ~[spring-context-5.1.9.RELEASE.jar!/:5.1.9.RELEASE]
	at org.springframework.context.event.SimpleApplicationEventMulticaster.invokeListener(SimpleApplicationEventMulticaster.java:165) ~[spring-context-5.1.9.RELEASE.jar!/:5.1.9.RELEASE]
	at org.springframework.context.event.SimpleApplicationEventMulticaster.multicastEvent(SimpleApplicationEventMulticaster.java:139) ~[spring-context-5.1.9.RELEASE.jar!/:5.1.9.RELEASE]
	at org.springframework.context.event.SimpleApplicationEventMulticaster.multicastEvent(SimpleApplicationEventMulticaster.java:127) ~[spring-context-5.1.9.RELEASE.jar!/:5.1.9.RELEASE]
	at org.springframework.boot.context.event.EventPublishingRunListener.environmentPrepared(EventPublishingRunListener.java:76) ~[spring-boot-2.1.8.RELEASE.jar!/:2.1.8.RELEASE]
	at org.springframework.boot.SpringApplicationRunListeners.environmentPrepared(SpringApplicationRunListeners.java:53) ~[spring-boot-2.1.8.RELEASE.jar!/:2.1.8.RELEASE]
	at org.springframework.boot.SpringApplication.prepareEnvironment(SpringApplication.java:342) ~[spring-boot-2.1.8.RELEASE.jar!/:2.1.8.RELEASE]
	at org.springframework.boot.SpringApplication.run(SpringApplication.java:305) ~[spring-boot-2.1.8.RELEASE.jar!/:2.1.8.RELEASE]
	at org.springframework.boot.builder.SpringApplicationBuilder.run(SpringApplicationBuilder.java:140) [spring-boot-2.1.8.RELEASE.jar!/:2.1.8.RELEASE]
	at lavalink.server.Launcher.launchMain(Launcher.kt:159) [classes!/:na]
	at lavalink.server.Launcher.main(Launcher.kt:126) [classes!/:na]
	at sun.reflect.NativeMethodAccessorImpl.invoke0(Native Method) ~[na:1.8.0_333]
	at sun.reflect.NativeMethodAccessorImpl.invoke(Unknown Source) ~[na:1.8.0_333]
	at sun.reflect.DelegatingMethodAccessorImpl.invoke(Unknown Source) ~[na:1.8.0_333]
	at java.lang.reflect.Method.invoke(Unknown Source) ~[na:1.8.0_333]
	at org.springframework.boot.loader.MainMethodRunner.run(MainMethodRunner.java:48) [Lavalink.jar:na]
	at org.springframework.boot.loader.Launcher.launch(Launcher.java:87) [Lavalink.jar:na]
	at org.springframework.boot.loader.Launcher.launch(Launcher.java:51) [Lavalink.jar:na]
	at org.springframework.boot.loader.JarLauncher.main(JarLauncher.java:52) [Lavalink.jar:na]

2022-06-18 21:23:43.460 ERROR 7600 --- [main] o.s.boot.SpringApplication               : Application run failed

java.lang.UnsupportedClassVersionError: lavalink/server/info/AppInfo has been compiled by a more recent version of the Java Runtime (class file version 55.0), this version of the Java Runtime only recognizes class file versions up to 52.0
	at java.lang.ClassLoader.defineClass1(Native Method) ~[na:1.8.0_333]
	at java.lang.ClassLoader.defineClass(Unknown Source) ~[na:1.8.0_333]
	at java.security.SecureClassLoader.defineClass(Unknown Source) ~[na:1.8.0_333]
	at java.net.URLClassLoader.defineClass(Unknown Source) ~[na:1.8.0_333]
	at java.net.URLClassLoader.access$100(Unknown Source) ~[na:1.8.0_333]
	at java.net.URLClassLoader$1.run(Unknown Source) ~[na:1.8.0_333]
	at java.net.URLClassLoader$1.run(Unknown Source) ~[na:1.8.0_333]
	at java.security.AccessController.doPrivileged(Native Method) ~[na:1.8.0_333]
	at java.net.URLClassLoader.findClass(Unknown Source) ~[na:1.8.0_333]
	at java.lang.ClassLoader.loadClass(Unknown Source) ~[na:1.8.0_333]
	at org.springframework.boot.loader.LaunchedURLClassLoader.loadClass(LaunchedURLClassLoader.java:93) ~[Lavalink.jar:na]
	at java.lang.ClassLoader.loadClass(Unknown Source) ~[na:1.8.0_333]
	at lavalink.server.Launcher.getVersionInfo(Launcher.kt:62) [classes!/:na]
	at lavalink.server.Launcher.getVersionInfo$default(Launcher.kt:61) [classes!/:na]
	at lavalink.server.Launcher$launchMain$3.onApplicationEvent(Launcher.kt:150) ~[classes!/:na]
	at lavalink.server.Launcher$launchMain$3.onApplicationEvent(Launcher.kt:55) ~[classes!/:na]
	at org.springframework.context.event.SimpleApplicationEventMulticaster.doInvokeListener(SimpleApplicationEventMulticaster.java:172) ~[spring-context-5.1.9.RELEASE.jar!/:5.1.9.RELEASE]
	at org.springframework.context.event.SimpleApplicationEventMulticaster.invokeListener(SimpleApplicationEventMulticaster.java:165) ~[spring-context-5.1.9.RELEASE.jar!/:5.1.9.RELEASE]
	at org.springframework.context.event.SimpleApplicationEventMulticaster.multicastEvent(SimpleApplicationEventMulticaster.java:139) ~[spring-context-5.1.9.RELEASE.jar!/:5.1.9.RELEASE]
	at org.springframework.context.event.SimpleApplicationEventMulticaster.multicastEvent(SimpleApplicationEventMulticaster.java:127) ~[spring-context-5.1.9.RELEASE.jar!/:5.1.9.RELEASE]
	at org.springframework.boot.context.event.EventPublishingRunListener.environmentPrepared(EventPublishingRunListener.java:76) ~[spring-boot-2.1.8.RELEASE.jar!/:2.1.8.RELEASE]
	at org.springframework.boot.SpringApplicationRunListeners.environmentPrepared(SpringApplicationRunListeners.java:53) ~[spring-boot-2.1.8.RELEASE.jar!/:2.1.8.RELEASE]
	at org.springframework.boot.SpringApplication.prepareEnvironment(SpringApplication.java:342) ~[spring-boot-2.1.8.RELEASE.jar!/:2.1.8.RELEASE]
	at org.springframework.boot.SpringApplication.run(SpringApplication.java:305) ~[spring-boot-2.1.8.RELEASE.jar!/:2.1.8.RELEASE]
	at org.springframework.boot.builder.SpringApplicationBuilder.run(SpringApplicationBuilder.java:140) [spring-boot-2.1.8.RELEASE.jar!/:2.1.8.RELEASE]
	at lavalink.server.Launcher.launchMain(Launcher.kt:159) [classes!/:na]
	at lavalink.server.Launcher.main(Launcher.kt:126) [classes!/:na]
	at sun.reflect.NativeMethodAccessorImpl.invoke0(Native Method) ~[na:1.8.0_333]
	at sun.reflect.NativeMethodAccessorImpl.invoke(Unknown Source) ~[na:1.8.0_333]
	at sun.reflect.DelegatingMethodAccessorImpl.invoke(Unknown Source) ~[na:1.8.0_333]
	at java.lang.reflect.Method.invoke(Unknown Source) ~[na:1.8.0_333]
	at org.springframework.boot.loader.MainMethodRunner.run(MainMethodRunner.java:48) [Lavalink.jar:na]
	at org.springframework.boot.loader.Launcher.launch(Launcher.java:87) [Lavalink.jar:na]
	at org.springframework.boot.loader.Launcher.launch(Launcher.java:51) [Lavalink.jar:na]
	at org.springframework.boot.loader.JarLauncher.main(JarLauncher.java:52) [Lavalink.jar:na]

